<?xml version="1.0" encoding="UTF-8"?>
<!-- Generated by org.testng.reporters.JUnitXMLReporter -->
<testsuite ignored="0" hostname="DESKTOP-IMEL9II" failures="0" tests="2" name="Testrunner2" time="76.532" errors="0" timestamp="2022-10-06T15:12:04 IST">
  <testcase classname="com.crm.organization.CreateOrganizationTest" name="createOrganizationTest" time="45.893"/>
  <testcase classname="com.crm.organization.CreateOrganizationTest" name="modifyOrg" time="0.002"/>
</testsuite> <!-- Testrunner2 -->
